[Pass 1 time: 0.01 sec     dicttok]
[Pass 2 time: 0 sec     kbinit]
[Pass 3 time: 0.001 sec     KBFuncs]
[Pass 4 time: 0 sec     funcs]
[Pass 5 time: 0.01 sec     Lines]
[Pass 6 time: 0.009 sec     removeblankline]
[Pass 7 time: 0.011 sec     numberattr]
[Pass 8 time: 0.012 sec     splicepl]
[Pass 9 time: 0.01 sec     Links]
[Pass 10 time: 0.009 sec     comps]
[Pass 11 time: 0.009 sec     Links2]
[Pass 12 time: 0.01 sec     Links3]
[Pass 13 time: 0.009 sec     Links4]
[Pass 14 time: 0.011 sec     email]
[Pass 16 time: 0.013 sec     phno_d]
[Pass 17 time: 0.011 sec     newdates1]
[Pass 18 time: 0.01 sec     newdates2]
[Pass 19 time: 0.024 sec     wordTypes]
[Pass 20 time: 0.014 sec     headers]
[Pass 21 time: 0.011 sec     headerZone]
[Pass 22 time: 0.01 sec     headerkb]
[Pass 23 time: 0.003 sec     kbdisplay01]
[Pass 24 time: 0.012 sec     RemoveWhiteSpace]
[Pass 25 time: 0.009 sec     Abbrevs]
[Pass 26 time: 0.009 sec     percentage1]
[Pass 27 time: 0.009 sec     percentage2]
[Pass 28 time: 0.01 sec     cgpa]
[Pass 29 time: 0.01 sec     addgrade]
[Pass 30 time: 0.009 sec     name]
[Pass 31 time: 0.005 sec     kbdisp02]
[Pass 32 time: 0.008 sec     sentend]
[Pass 33 time: 0.009 sec     companies]
[Pass 34 time: 0.01 sec     companies2]
[Pass 35 time: 0.008 sec     bullets]
[Pass 36 time: 0.009 sec     bullets2]
[Pass 37 time: 0.009 sec     bullets3]
[Pass 38 time: 0.008 sec     bullets4]
[Pass 39 time: 0.008 sec     bullets5]
[Pass 40 time: 0.01 sec     bracket1]
[Pass 41 time: 0.009 sec     bracket2]
[Pass 42 time: 0.009 sec     bracket_3]
[Pass 43 time: 0.009 sec     bracket_4]
[Pass 44 time: 0.008 sec     bracket6]
[Pass 45 time: 0.009 sec     bracket5]
[Pass 46 time: 0.009 sec     bracket7]
[Pass 47 time: 0.008 sec     brackets]
[Pass 48 time: 0.009 sec     begining]
[Pass 49 time: 0.009 sec     gathering]
[Pass 50 time: 0.009 sec     beginning2]
[Pass 51 time: 0.009 sec     gathering1]
[Pass 52 time: 0.009 sec     gathering2]
[Pass 53 time: 0.009 sec     gathering3]
[Pass 55 time: 0.01 sec     linksphno]
[Pass 56 time: 0.009 sec     linksphno2]
[Pass 57 time: 0.009 sec     insertbullet]
[Pass 58 time: 0.01 sec     newdates3]
[Pass 59 time: 0.008 sec     newdates4]
[Pass 60 time: 0.009 sec     newdates5]
[Pass 61 time: 0.009 sec     adddate1]
[Pass 62 time: 0.009 sec     dates4]
[Pass 63 time: 0.009 sec     newdates13]
[Pass 64 time: 0.009 sec     newdates14]
[Pass 65 time: 0.009 sec     newdates15]
[Pass 66 time: 0.009 sec     adddates2]
[Pass 67 time: 0.011 sec     dates5]
[Pass 68 time: 0.009 sec     cities]
[Pass 69 time: 0.009 sec     education]
[Pass 70 time: 0.085 sec     education2]
[Pass 71 time: 0.048 sec     education3]
[Pass 72 time: 0.006 sec     kbdisp03]
[Pass 74 time: 0.009 sec     header]
[Pass 77 time: 0.009 sec     Skills1]
[Pass 78 time: 0.009 sec     Languages]
[Pass 80 time: 0.012 sec     plangs]
[Pass 81 time: 0.009 sec     Hobbies]
[Pass 82 time: 0.007 sec     kbdisplay04]
[Input file: e:\Resume-Analyzer-main\Resume-Analyzer-main\ResumeAnalyzer_latest-5\input\Resume_1.txt]
[Total passes: 84]
[Total time: 0.808 sec]
[Time per 1000 chars (0.808/1785): 0.452661 sec]
[Time per pass per 1000 chars: 0.00538882]
infile  passes tottime length tot/1000 tot/pass/1000
e:\Resume-Analyzer-main\Resume-Analyzer-main\ResumeAnalyzer_latest-5\input\Resume_1.txt	84	0.808	1785	0.452661	0.00538882
[Clean time: 0.002 sec]
