[Pass 1 time: 0.021 sec     dicttok]
[Pass 2 time: 0 sec     kbinit]
[Pass 3 time: 0 sec     KBFuncs]
[Pass 4 time: 0 sec     funcs]
[Pass 5 time: 0.022 sec     Lines]
[Pass 6 time: 0.02 sec     removeblankline]
[Pass 7 time: 0.025 sec     numberattr]
[Pass 8 time: 0.025 sec     splicepl]
[Pass 9 time: 0.02 sec     Links]
[Pass 10 time: 0.025 sec     comps]
[Pass 11 time: 0.018 sec     Links2]
[Pass 12 time: 0.019 sec     Links3]
[Pass 13 time: 0.018 sec     Links4]
[Pass 14 time: 0.016 sec     email]
[Pass 16 time: 0.026 sec     phno_d]
[Pass 17 time: 0.019 sec     newdates1]
[Pass 18 time: 0.018 sec     newdates2]
[Pass 19 time: 0.044 sec     wordTypes]
[Pass 20 time: 0.027 sec     headers]
[Pass 21 time: 0.019 sec     headerZone]
[Pass 22 time: 0.017 sec     headerkb]
[Pass 23 time: 0.003 sec     kbdisplay01]
[Pass 24 time: 0.023 sec     RemoveWhiteSpace]
[Pass 25 time: 0.015 sec     Abbrevs]
[Pass 26 time: 0.016 sec     percentage1]
[Pass 27 time: 0.016 sec     percentage2]
[Pass 28 time: 0.021 sec     cgpa]
[Pass 29 time: 0.037 sec     addgrade]
[Pass 30 time: 0.02 sec     name]
[Pass 31 time: 0.006 sec     kbdisp02]
[Pass 32 time: 0.018 sec     sentend]
[Pass 33 time: 0.017 sec     companies]
[Pass 34 time: 0.02 sec     companies2]
[Pass 35 time: 0.018 sec     bullets]
[Pass 36 time: 0.015 sec     bullets2]
[Pass 37 time: 0.017 sec     bullets3]
[Pass 38 time: 0.017 sec     bullets4]
[Pass 39 time: 0.015 sec     bullets5]
[Pass 40 time: 0.017 sec     bracket1]
[Pass 41 time: 0.017 sec     bracket2]
[Pass 42 time: 0.022 sec     bracket_3]
[Pass 43 time: 0.018 sec     bracket_4]
[Pass 44 time: 0.016 sec     bracket6]
[Pass 45 time: 0.019 sec     bracket5]
[Pass 46 time: 0.018 sec     bracket7]
[Pass 47 time: 0.015 sec     brackets]
[Pass 48 time: 0.018 sec     begining]
[Pass 49 time: 0.016 sec     gathering]
[Pass 50 time: 0.029 sec     beginning2]
[Pass 51 time: 0.114 sec     gathering1]
[Pass 52 time: 0.019 sec     gathering2]
[Pass 53 time: 0.017 sec     gathering3]
[Pass 55 time: 0.016 sec     linksphno]
[Pass 56 time: 0.018 sec     linksphno2]
[Pass 57 time: 0.017 sec     insertbullet]
[Pass 58 time: 0.017 sec     newdates3]
[Pass 59 time: 0.016 sec     newdates4]
[Pass 60 time: 0.138 sec     newdates5]
[Pass 61 time: 0.021 sec     adddate1]
[Pass 62 time: 0.017 sec     dates4]
[Pass 63 time: 0.017 sec     newdates13]
[Pass 64 time: 0.016 sec     newdates14]
[Pass 65 time: 0.017 sec     newdates15]
[Pass 66 time: 0.015 sec     adddates2]
[Pass 67 time: 0.019 sec     dates5]
[Pass 68 time: 0.016 sec     cities]
[Pass 69 time: 0.017 sec     education]
[Pass 70 time: 0.018 sec     education2]
[Pass 71 time: 0.016 sec     education3]
[Pass 72 time: 0.015 sec     kbdisp03]
[Pass 74 time: 0.015 sec     header]
[Pass 77 time: 0.02 sec     Skills1]
[Pass 78 time: 0.016 sec     Languages]
[Pass 80 time: 0.021 sec     plangs]
[Pass 81 time: 0.016 sec     Hobbies]
[Pass 82 time: 0.02 sec     kbdisplay04]
[Input file: e:\Resume-Analyzer-main\Resume-Analyzer-main\ResumeAnalyzer_latest-5\input\Resume_5.txt]
[Total passes: 85]
[Total time: 1.587 sec]
[Time per 1000 chars (1.587/3396): 0.467314 sec]
[Time per pass per 1000 chars: 0.00549782]
infile  passes tottime length tot/1000 tot/pass/1000
e:\Resume-Analyzer-main\Resume-Analyzer-main\ResumeAnalyzer_latest-5\input\Resume_5.txt	85	1.587	3396	0.467314	0.00549782
[Clean time: 0.001 sec]
