[Loading interpreted kb.]
[readKB:]
[readKB: path=e:\Resume-Analyzer-main\Final-Analyzer\Resume_analyzer\analyzers\ResumeAnalyzer_latest-5\\kb\user]
[READ dict files time= 0.097 sec]
[popVal: Attribute not a string.]
[popVal: Attribute not a string.]
[popVal: Attribute not a string.]
[popVal: Attribute not a string.]
[popVal: Attribute not a string.]
[popVal: Attribute not a string.]
[popVal: Attribute not a string.]
[popVal: Attribute not a string.]
[popVal: Attribute not a string.]
[popVal: Attribute not a string.]
[popVal: Attribute not a string.]
[popVal: Attribute not a string.]
[popVal: Attribute not a string.]
[popVal: Attribute not a string.]
[popVal: Attribute not a string.]
[popVal: Attribute not a string.]
[popVal: Attribute not a string.]
[popVal: Attribute not a string.]
[popVal: Attribute not a string.]
[popVal: Attribute not a string.]
[popVal: Attribute not a string.]
[popVal: Attribute not a string.]
[popVal: Attribute not a string.]
[popVal: Attribute not a string.]
[popVal: Attribute not a string.]
[popVal: Attribute not a string.]
[popVal: Attribute not a string.]
[popVal: Attribute not a string.]
[popVal: Attribute not a string.]
[popVal: Attribute not a string.]
[popVal: Attribute not a string.]
[popVal: Attribute not a string.]
[popVal: Attribute not a string.]
[popVal: Attribute not a string.]
[popVal: Attribute not a string.]
[popVal: Attribute not a string.]
[popVal: Attribute not a string.]
[popVal: Attribute not a string.]
[popVal: Attribute not a string.]
[popVal: Attribute not a string.]
[popVal: Attribute not a string.]
[popVal: Attribute not a string.]
[popVal: Attribute not a string.]
[popVal: Attribute not a string.]
[popVal: Attribute not a string.]
[popVal: Attribute not a string.]
[popVal: Attribute not a string.]
[popVal: Attribute not a string.]
[popVal: Attribute not a string.]
[popVal: Attribute not a string.]
[popVal: Attribute not a string.]
[popVal: Attribute not a string.]
[popVal: Attribute not a string.]
[popVal: Attribute not a string.]
[popVal: Attribute not a string.]
[popVal: Attribute not a string.]
[popVal: Attribute not a string.]
[popVal: Attribute not a string.]
[popVal: Attribute not a string.]
[popVal: Attribute not a string.]
[popVal: Attribute not a string.]
[popVal: Attribute not a string.]
[popVal: Attribute not a string.]
[popVal: Attribute not a string.]
[popVal: Attribute not a string.]
[popVal: Attribute not a string.]
[popVal: Attribute not a string.]
[popVal: Attribute not a string.]
[popVal: Attribute not a string.]
[popVal: Attribute not a string.]
[popVal: Attribute not a string.]
[popVal: Attribute not a string.]
[popVal: Attribute not a string.]
[popVal: Attribute not a string.]
[popVal: Attribute not a string.]
[popVal: Attribute not a string.]
[popVal: Attribute not a string.]
[popVal: Attribute not a string.]
[popVal: Attribute not a string.]
[popVal: Attribute not a string.]
[popVal: Attribute not a string.]
[popVal: Attribute not a string.]
[popVal: Attribute not a string.]
[popVal: Attribute not a string.]
[popVal: Attribute not a string.]
[popVal: Attribute not a string.]
[popVal: Attribute not a string.]
[popVal: Attribute not a string.]
[popVal: Attribute not a string.]
[popVal: Attribute not a string.]
[popVal: Attribute not a string.]
[popVal: Attribute not a string.]
