[Pass 1 time: 0.038 sec     dicttok]
[Pass 2 time: 0.001 sec     kbinit]
[Pass 3 time: 0 sec     KBFuncs]
[Pass 4 time: 0.001 sec     funcs]
[Pass 5 time: 0.018 sec     Lines]
[Pass 6 time: 0.022 sec     removeblankline]
[Pass 7 time: 0.022 sec     numberattr]
[Pass 8 time: 0.02 sec     splicepl]
[Pass 9 time: 0.017 sec     Links]
[Pass 10 time: 0.018 sec     comps]
[Pass 11 time: 0.019 sec     Links2]
[Pass 12 time: 0.021 sec     Links3]
[Pass 13 time: 0.02 sec     Links4]
[Pass 14 time: 0.023 sec     email]
[Pass 15 time: 0.022 sec     phno_d]
[Pass 16 time: 0.033 sec     newdates1]
[Pass 17 time: 0.034 sec     newdates2]
[Pass 18 time: 0.07 sec     wordTypes]
[Pass 19 time: 0.026 sec     headers]
[Pass 20 time: 0.023 sec     headerZone]
[Pass 21 time: 0.022 sec     headerkb]
[Pass 22 time: 0.004 sec     kbdisplay01]
[Pass 23 time: 0.022 sec     RemoveWhiteSpace]
[Pass 24 time: 0.016 sec     Abbrevs]
[Pass 25 time: 0.018 sec     percentage1]
[Pass 26 time: 0.017 sec     percentage2]
[Pass 27 time: 0.018 sec     cgpa]
[Pass 28 time: 0.022 sec     addgrade]
[Pass 29 time: 0.016 sec     name]
[Pass 30 time: 0.006 sec     kbdisp02]
[Pass 31 time: 0.017 sec     sentend]
[Pass 32 time: 0.019 sec     companies]
[Pass 33 time: 0.023 sec     companies2]
[Pass 34 time: 0.02 sec     bullets]
[Pass 35 time: 0.021 sec     bullets2]
[Pass 36 time: 0.017 sec     bullets3]
[Pass 37 time: 0.016 sec     bullets4]
[Pass 38 time: 0.015 sec     bullets5]
[Pass 39 time: 0.015 sec     bracket1]
[Pass 40 time: 0.015 sec     bracket2]
[Pass 41 time: 0.015 sec     bracket_3]
[Pass 42 time: 0.019 sec     bracket_4]
[Pass 43 time: 0.016 sec     bracket6]
[Pass 44 time: 0.016 sec     bracket5]
[Pass 45 time: 0.015 sec     bracket7]
[Pass 46 time: 0.016 sec     brackets]
[Pass 47 time: 0.015 sec     begining]
[Pass 48 time: 0.018 sec     gathering]
[Pass 49 time: 0.021 sec     beginning2]
[Pass 50 time: 0.015 sec     gathering1]
[Pass 51 time: 0.015 sec     gathering2]
[Pass 52 time: 0.024 sec     gathering3]
[Pass 53 time: 0.024 sec     linksphno]
[Pass 54 time: 0.023 sec     linksphno2]
[Pass 55 time: 0.025 sec     insertbullet]
[Pass 56 time: 0.028 sec     newdates3]
[Pass 57 time: 0.026 sec     newdates4]
[Pass 58 time: 0.027 sec     newdates5]
[Pass 59 time: 0.023 sec     adddate1]
[Pass 60 time: 0.032 sec     dates4]
[Pass 61 time: 0.026 sec     newdates13]
[Pass 62 time: 0.022 sec     newdates14]
[Pass 63 time: 0.024 sec     newdates15]
[Pass 64 time: 0.029 sec     adddates2]
[Pass 65 time: 0.029 sec     dates5]
[Pass 66 time: 0.019 sec     cities]
[Pass 67 time: 0.028 sec     education]
[Pass 68 time: 0.018 sec     education2]
[Pass 69 time: 0.019 sec     education3]
[Pass 70 time: 0.031 sec     kbdisp03]
[Pass 71 time: 0.019 sec     header]
[Pass 72 time: 0.024 sec     Skills1]
[Pass 73 time: 0.02 sec     Languages]
[Pass 74 time: 0.023 sec     plangs]
[Pass 75 time: 0.018 sec     Hobbies]
[Pass 76 time: 0.031 sec     kbdisplay04]
[Pass 77 time: 0.044 sec     output]
[Input file: e:\Resume-Analyzer-main\Final-Analyzer\Resume_analyzer\analyzers\ResumeAnalyzer_latest-5\input\PR2.txt]
[Total passes: 77]
[Total time: 1.627 sec]
[Time per 1000 chars (1.627/3069): 0.53014 sec]
[Time per pass per 1000 chars: 0.00688494]
infile  passes tottime length tot/1000 tot/pass/1000
e:\Resume-Analyzer-main\Final-Analyzer\Resume_analyzer\analyzers\ResumeAnalyzer_latest-5\input\PR2.txt	77	1.627	3069	0.53014	0.00688494
[Clean time: 0.002 sec]
