[command arg: -ANA]
[command arg: e:\Resume-Analyzer-main\Final-Analyzer\Resume_analyzer\analyzers\ResumeAnalyzer_latest-5\]
[command arg: -WORK]
[command arg: c:\Users\Jagdish Pinnada\.vscode\extensions\dehilster.nlp-2.33.0\nlp-engine]
[command arg: e:\Resume-Analyzer-main\Final-Analyzer\Resume_analyzer\analyzers\ResumeAnalyzer_latest-5\input\PR2.txt]
[command arg: -DEV]
[logfile: c:\Users\Jagdish Pinnada\.vscode\extensions\dehilster.nlp-2.33.0\nlp-engine\vtrun_logfile.out]
[rfbdir: c:\Users\Jagdish Pinnada\.vscode\extensions\dehilster.nlp-2.33.0\nlp-engine\data\rfb\spec]
[analyzer directory: e:\Resume-Analyzer-main\Final-Analyzer\Resume_analyzer\analyzers\ResumeAnalyzer_latest-5\]
[analyzer name: ]
[rfb file: c:\Users\Jagdish Pinnada\.vscode\extensions\dehilster.nlp-2.33.0\nlp-engine\data\rfb\spec]
[log file: .\tmp\visualtext.log]
[spec directory: e:\Resume-Analyzer-main\Final-Analyzer\Resume_analyzer\analyzers\ResumeAnalyzer_latest-5\\spec]
[spec file: e:\Resume-Analyzer-main\Final-Analyzer\Resume_analyzer\analyzers\ResumeAnalyzer_latest-5\\spec\analyzer.seq]
[output directory: e:\Resume-Analyzer-main\Final-Analyzer\Resume_analyzer\analyzers\ResumeAnalyzer_latest-5\\output]
[infile path: e:\Resume-Analyzer-main\Final-Analyzer\Resume_analyzer\analyzers\ResumeAnalyzer_latest-5\input\PR2.txt]
[outfile path: e:\Resume-Analyzer-main\Final-Analyzer\Resume_analyzer\analyzers\ResumeAnalyzer_latest-5\\outfile.txt]
[outdir path: e:\Resume-Analyzer-main\Final-Analyzer\Resume_analyzer\analyzers\ResumeAnalyzer_latest-5\input\PR2.txt_log]
[AFTER VTRUN DELETE: ]
Active Algo count=1
